<?xml version="1.0" encoding="UTF-8"?>
<!-- Generated by org.testng.reporters.JUnitReportReporter -->
<testsuite hostname="MAVPUN0522031" failures="0" tests="1" name="com.maveric.project.suite.SampleTest3" time="0.002" errors="0" timestamp="2024-06-18T18:17:02 IST" skipped="0">
  <testcase classname="com.maveric.project.suite.SampleTest3" name="f" time="0.002"/>
</testsuite> <!-- com.maveric.project.suite.SampleTest3 -->
