<?xml version="1.0" encoding="UTF-8"?>
<!-- Generated by org.testng.reporters.JUnitReportReporter -->
<testsuite hostname="MAVPUN0522031" failures="0" tests="2" name="com.maveric.project.suite.SampleTest1" time="0.011" errors="0" timestamp="2024-06-18T18:17:02 IST" skipped="0">
  <testcase classname="com.maveric.project.suite.SampleTest1" name="Test2" time="0.004"/>
  <testcase classname="com.maveric.project.suite.SampleTest1" name="Test1" time="0.007"/>
</testsuite> <!-- com.maveric.project.suite.SampleTest1 -->
